19/12/09 17:31:43 ** --- MESSAGE BEGIN ---
19/12/09 17:31:43 ** To: kcetsymposium@gmail.com
19/12/09 17:31:43 ** Subject: Sample mail
19/12/09 17:31:43 ** X-PHP-Originating-Script: 0:sendmail.php
19/12/09 17:31:43 ** From: ak57vivegam2@gmail.com
19/12/09 17:31:43 ** 
19/12/09 17:31:43 ** Testing 1 2 3
19/12/09 17:31:43 ** --- MESSAGE END ---
19/12/09 17:31:44 ** Connecting to smtp.gmail.com:465
19/12/09 17:31:45 ** Disconnected.
19/12/09 17:31:45 ** Disconnected.
19/12/09 17:31:45 ** Disconnected.
19/12/09 17:31:45 ** Socket Error # 10060<EOL>Connection timed out.
19/12/09 17:35:46 ** --- MESSAGE BEGIN ---
19/12/09 17:35:46 ** To: kcetsymposium@gmail.com
19/12/09 17:35:46 ** Subject: Sample mail
19/12/09 17:35:46 ** X-PHP-Originating-Script: 0:sendmail.php
19/12/09 17:35:46 ** From: ak57vivegam2@gmail.com
19/12/09 17:35:46 ** 
19/12/09 17:35:46 ** Testing 1 2 3
19/12/09 17:35:46 ** --- MESSAGE END ---
19/12/09 17:35:47 ** Connecting to smtp.gmail.com:465
19/12/09 17:35:49 ** Connected.
19/12/09 17:35:49 << 220 smtp.gmail.com ESMTP j38sm17078510pgj.27 - gsmtp<EOL>
19/12/09 17:35:49 >> EHLO localhost<EOL>
19/12/09 17:35:49 << 250-smtp.gmail.com at your service, [157.50.78.16]<EOL>250-SIZE 35882577<EOL>250-8BITMIME<EOL>250-AUTH LOGIN PLAIN XOAUTH2 PLAIN-CLIENTTOKEN OAUTHBEARER XOAUTH<EOL>250-ENHANCEDSTATUSCODES<EOL>250-PIPELINING<EOL>250 SMTPUTF8<EOL>
19/12/09 17:35:49 ** Authenticating as ak57vivegam2@gmail.com
19/12/09 17:35:49 >> AUTH LOGIN<EOL>
19/12/09 17:35:50 << 334 VXNlcm5hbWU6<EOL>
19/12/09 17:35:50 >> YWs1N3ZpdmVnYW0yQGdtYWlsLmNvbQ==<EOL>
19/12/09 17:35:50 << 334 UGFzc3dvcmQ6<EOL>
19/12/09 17:35:50 >> QWlzSHdhcnlB<EOL>
19/12/09 17:35:51 << 535-5.7.8 Username and Password not accepted. Learn more at<EOL>535 5.7.8  https://support.google.com/mail/?p=BadCredentials j38sm17078510pgj.27 - gsmtp<EOL>
19/12/09 17:35:51 ** Disconnecting from smtp.gmail.com:465
19/12/09 17:35:51 ** Disconnected.
19/12/09 17:35:51 ** Disconnected.
19/12/09 17:35:51 ** Username and Password not accepted. Learn more at<EOL> https://support.google.com/mail/?p=BadCredentials j38sm17078510pgj.27 - gsmtp<EOL>
19/12/09 17:36:55 ** --- MESSAGE BEGIN ---
19/12/09 17:36:55 ** To: kcetsymposium@gmail.com
19/12/09 17:36:55 ** Subject: Sample mail
19/12/09 17:36:55 ** X-PHP-Originating-Script: 0:sendmail.php
19/12/09 17:36:55 ** From: ak57vivegam2@gmail.com
19/12/09 17:36:55 ** 
19/12/09 17:36:55 ** Testing 1 2 3
19/12/09 17:36:55 ** --- MESSAGE END ---
19/12/09 17:36:55 ** Connecting to smtp.gmail.com:465
19/12/09 17:36:57 ** Connected.
19/12/09 17:36:57 << 220 smtp.gmail.com ESMTP o14sm8903237pgm.67 - gsmtp<EOL>
19/12/09 17:36:57 >> EHLO localhost<EOL>
19/12/09 17:36:57 << 250-smtp.gmail.com at your service, [157.50.78.16]<EOL>250-SIZE 35882577<EOL>250-8BITMIME<EOL>250-AUTH LOGIN PLAIN XOAUTH2 PLAIN-CLIENTTOKEN OAUTHBEARER XOAUTH<EOL>250-ENHANCEDSTATUSCODES<EOL>250-PIPELINING<EOL>250 SMTPUTF8<EOL>
19/12/09 17:36:57 ** Authenticating as ak57vivegam2@gmail.com
19/12/09 17:36:57 >> AUTH LOGIN<EOL>
19/12/09 17:36:57 << 334 VXNlcm5hbWU6<EOL>
19/12/09 17:36:57 >> YWs1N3ZpdmVnYW0yQGdtYWlsLmNvbQ==<EOL>
19/12/09 17:36:58 << 334 UGFzc3dvcmQ6<EOL>
19/12/09 17:36:58 >> QWlzSHdhcnlB<EOL>
19/12/09 17:36:58 << 535-5.7.8 Username and Password not accepted. Learn more at<EOL>535 5.7.8  https://support.google.com/mail/?p=BadCredentials o14sm8903237pgm.67 - gsmtp<EOL>
19/12/09 17:36:58 ** Disconnecting from smtp.gmail.com:465
19/12/09 17:36:58 ** Disconnected.
19/12/09 17:36:58 ** Disconnected.
19/12/09 17:36:58 ** Username and Password not accepted. Learn more at<EOL> https://support.google.com/mail/?p=BadCredentials o14sm8903237pgm.67 - gsmtp<EOL>
19/12/09 17:37:56 ** --- MESSAGE BEGIN ---
19/12/09 17:37:56 ** To: kcetsymposium@gmail.com
19/12/09 17:37:56 ** Subject: Sample mail
19/12/09 17:37:56 ** X-PHP-Originating-Script: 0:sendmail.php
19/12/09 17:37:56 ** From: ak57vivegam2@gmail.com
19/12/09 17:37:56 ** 
19/12/09 17:37:56 ** Testing 1 2 3
19/12/09 17:37:56 ** --- MESSAGE END ---
19/12/09 17:37:57 ** Connecting to smtp.gmail.com:465
19/12/09 17:37:58 ** Connected.
19/12/09 17:37:59 << 220 smtp.gmail.com ESMTP a13sm16334283pfc.40 - gsmtp<EOL>
19/12/09 17:37:59 >> EHLO localhost<EOL>
19/12/09 17:37:59 << 250-smtp.gmail.com at your service, [157.50.78.16]<EOL>250-SIZE 35882577<EOL>250-8BITMIME<EOL>250-AUTH LOGIN PLAIN XOAUTH2 PLAIN-CLIENTTOKEN OAUTHBEARER XOAUTH<EOL>250-ENHANCEDSTATUSCODES<EOL>250-PIPELINING<EOL>250 SMTPUTF8<EOL>
19/12/09 17:37:59 ** Authenticating as kcetstudentportal@gmail.com
19/12/09 17:37:59 >> AUTH LOGIN<EOL>
19/12/09 17:37:59 << 334 VXNlcm5hbWU6<EOL>
19/12/09 17:37:59 >> a2NldHN0dWRlbnRwb3J0YWxAZ21haWwuY29t<EOL>
19/12/09 17:38:00 << 334 UGFzc3dvcmQ6<EOL>
19/12/09 17:38:00 >> U3R1ZGVudDA3MA==<EOL>
19/12/09 17:38:00 << 535-5.7.8 Username and Password not accepted. Learn more at<EOL>535 5.7.8  https://support.google.com/mail/?p=BadCredentials a13sm16334283pfc.40 - gsmtp<EOL>
19/12/09 17:38:00 ** Disconnecting from smtp.gmail.com:465
19/12/09 17:38:00 ** Disconnected.
19/12/09 17:38:00 ** Disconnected.
19/12/09 17:38:00 ** Username and Password not accepted. Learn more at<EOL> https://support.google.com/mail/?p=BadCredentials a13sm16334283pfc.40 - gsmtp<EOL>
19/12/09 17:40:26 ** --- MESSAGE BEGIN ---
19/12/09 17:40:26 ** To: kcetsymposium@gmail.com
19/12/09 17:40:26 ** Subject: Sample mail
19/12/09 17:40:26 ** X-PHP-Originating-Script: 0:sendmail.php
19/12/09 17:40:26 ** From: ak57vivegam2@gmail.com
19/12/09 17:40:26 ** 
19/12/09 17:40:26 ** Testing 1 2 3
19/12/09 17:40:26 ** --- MESSAGE END ---
19/12/09 17:40:28 ** Connecting to smtp.gmail.com:465
19/12/09 17:40:29 ** Connected.
19/12/09 17:40:30 << 220 smtp.gmail.com ESMTP d24sm28507739pfq.75 - gsmtp<EOL>
19/12/09 17:40:30 >> EHLO localhost<EOL>
19/12/09 17:40:30 << 250-smtp.gmail.com at your service, [157.50.78.16]<EOL>250-SIZE 35882577<EOL>250-8BITMIME<EOL>250-AUTH LOGIN PLAIN XOAUTH2 PLAIN-CLIENTTOKEN OAUTHBEARER XOAUTH<EOL>250-ENHANCEDSTATUSCODES<EOL>250-PIPELINING<EOL>250 SMTPUTF8<EOL>
19/12/09 17:40:30 ** Authenticating as kcetstudentportal@gmail.com
19/12/09 17:40:30 >> AUTH LOGIN<EOL>
19/12/09 17:40:30 << 334 VXNlcm5hbWU6<EOL>
19/12/09 17:40:30 >> a2NldHN0dWRlbnRwb3J0YWxAZ21haWwuY29t<EOL>
19/12/09 17:40:30 << 334 UGFzc3dvcmQ6<EOL>
19/12/09 17:40:30 >> U3R1ZGVudDA3MA==<EOL>
19/12/09 17:40:31 << 535-5.7.8 Username and Password not accepted. Learn more at<EOL>535 5.7.8  https://support.google.com/mail/?p=BadCredentials d24sm28507739pfq.75 - gsmtp<EOL>
19/12/09 17:40:31 ** Disconnecting from smtp.gmail.com:465
19/12/09 17:40:31 ** Disconnected.
19/12/09 17:40:31 ** Disconnected.
19/12/09 17:40:31 ** Username and Password not accepted. Learn more at<EOL> https://support.google.com/mail/?p=BadCredentials d24sm28507739pfq.75 - gsmtp<EOL>
19/12/09 17:43:00 ** --- MESSAGE BEGIN ---
19/12/09 17:43:00 ** To: kcetsymposium@gmail.com
19/12/09 17:43:00 ** Subject: Sample mail
19/12/09 17:43:00 ** X-PHP-Originating-Script: 0:sendmail.php
19/12/09 17:43:00 ** From: ak57vivegam2@gmail.com
19/12/09 17:43:00 ** 
19/12/09 17:43:00 ** Testing 1 2 3
19/12/09 17:43:00 ** --- MESSAGE END ---
19/12/09 17:43:01 ** Connecting to smtp.gmail.com:465
19/12/09 17:43:02 ** Connected.
19/12/09 17:43:03 << 220 smtp.gmail.com ESMTP o14sm8927954pgm.67 - gsmtp<EOL>
19/12/09 17:43:03 >> EHLO localhost<EOL>
19/12/09 17:43:03 << 250-smtp.gmail.com at your service, [157.50.78.16]<EOL>250-SIZE 35882577<EOL>250-8BITMIME<EOL>250-AUTH LOGIN PLAIN XOAUTH2 PLAIN-CLIENTTOKEN OAUTHBEARER XOAUTH<EOL>250-ENHANCEDSTATUSCODES<EOL>250-PIPELINING<EOL>250 SMTPUTF8<EOL>
19/12/09 17:43:03 ** Authenticating as kcetstudentportal@gmail.com
19/12/09 17:43:03 >> AUTH LOGIN<EOL>
19/12/09 17:43:03 << 334 VXNlcm5hbWU6<EOL>
19/12/09 17:43:03 >> a2NldHN0dWRlbnRwb3J0YWxAZ21haWwuY29t<EOL>
19/12/09 17:43:03 << 334 UGFzc3dvcmQ6<EOL>
19/12/09 17:43:03 >> U3R1ZGVudDA3MA==<EOL>
19/12/09 17:43:04 << 535-5.7.8 Username and Password not accepted. Learn more at<EOL>535 5.7.8  https://support.google.com/mail/?p=BadCredentials o14sm8927954pgm.67 - gsmtp<EOL>
19/12/09 17:43:04 ** Disconnecting from smtp.gmail.com:465
19/12/09 17:43:04 ** Disconnected.
19/12/09 17:43:04 ** Disconnected.
19/12/09 17:43:04 ** Username and Password not accepted. Learn more at<EOL> https://support.google.com/mail/?p=BadCredentials o14sm8927954pgm.67 - gsmtp<EOL>
19/12/09 17:45:48 ** --- MESSAGE BEGIN ---
19/12/09 17:45:48 ** To: kcetstudentportal@gmail.com
19/12/09 17:45:48 ** Subject: Sample mail
19/12/09 17:45:48 ** X-PHP-Originating-Script: 0:sendmail.php
19/12/09 17:45:48 ** From: kcetsymposium@gmail.com
19/12/09 17:45:48 ** 
19/12/09 17:45:48 ** Testing 1 2 3
19/12/09 17:45:48 ** --- MESSAGE END ---
19/12/09 17:45:49 ** Connecting to smtp.gmail.com:465
19/12/09 17:45:50 ** Connected.
19/12/09 17:45:50 << 220 smtp.gmail.com ESMTP g26sm26224398pfo.128 - gsmtp<EOL>
19/12/09 17:45:50 >> EHLO localhost<EOL>
19/12/09 17:45:50 << 250-smtp.gmail.com at your service, [157.50.78.16]<EOL>250-SIZE 35882577<EOL>250-8BITMIME<EOL>250-AUTH LOGIN PLAIN XOAUTH2 PLAIN-CLIENTTOKEN OAUTHBEARER XOAUTH<EOL>250-ENHANCEDSTATUSCODES<EOL>250-PIPELINING<EOL>250 SMTPUTF8<EOL>
19/12/09 17:45:50 ** Authenticating as kcetsymposium@gmail.com
19/12/09 17:45:50 >> AUTH LOGIN<EOL>
19/12/09 17:45:51 << 334 VXNlcm5hbWU6<EOL>
19/12/09 17:45:51 >> a2NldHN5bXBvc2l1bUBnbWFpbC5jb20=<EOL>
19/12/09 17:45:51 << 334 UGFzc3dvcmQ6<EOL>
19/12/09 17:45:51 >> U3ltcG8wNzA=<EOL>
19/12/09 17:45:51 << 535-5.7.8 Username and Password not accepted. Learn more at<EOL>535 5.7.8  https://support.google.com/mail/?p=BadCredentials g26sm26224398pfo.128 - gsmtp<EOL>
19/12/09 17:45:51 ** Disconnecting from smtp.gmail.com:465
19/12/09 17:45:51 ** Disconnected.
19/12/09 17:45:51 ** Disconnected.
19/12/09 17:45:51 ** Username and Password not accepted. Learn more at<EOL> https://support.google.com/mail/?p=BadCredentials g26sm26224398pfo.128 - gsmtp<EOL>
19/12/09 17:46:34 ** --- MESSAGE BEGIN ---
19/12/09 17:46:34 ** To: kcetstudentportal@gmail.com
19/12/09 17:46:34 ** Subject: Sample mail
19/12/09 17:46:34 ** X-PHP-Originating-Script: 0:sendmail.php
19/12/09 17:46:34 ** From: kcetsymposium@gmail.com
19/12/09 17:46:34 ** 
19/12/09 17:46:34 ** Testing 1 2 3
19/12/09 17:46:34 ** --- MESSAGE END ---
19/12/09 17:46:34 ** Connecting to smtp.gmail.com:465
19/12/09 17:46:36 ** Connected.
19/12/09 17:46:36 << 220 smtp.gmail.com ESMTP ce22sm12416228pjb.17 - gsmtp<EOL>
19/12/09 17:46:36 >> EHLO localhost<EOL>
19/12/09 17:46:37 << 250-smtp.gmail.com at your service, [157.50.78.16]<EOL>250-SIZE 35882577<EOL>250-8BITMIME<EOL>250-AUTH LOGIN PLAIN XOAUTH2 PLAIN-CLIENTTOKEN OAUTHBEARER XOAUTH<EOL>250-ENHANCEDSTATUSCODES<EOL>250-PIPELINING<EOL>250 SMTPUTF8<EOL>
19/12/09 17:46:37 ** Authenticating as kcetsymposium@gmail.com
19/12/09 17:46:37 >> AUTH LOGIN<EOL>
19/12/09 17:46:37 << 334 VXNlcm5hbWU6<EOL>
19/12/09 17:46:37 >> a2NldHN5bXBvc2l1bUBnbWFpbC5jb20=<EOL>
19/12/09 17:46:37 << 334 UGFzc3dvcmQ6<EOL>
19/12/09 17:46:37 >> U3ltcG8wNzA=<EOL>
19/12/09 17:46:38 << 535-5.7.8 Username and Password not accepted. Learn more at<EOL>535 5.7.8  https://support.google.com/mail/?p=BadCredentials ce22sm12416228pjb.17 - gsmtp<EOL>
19/12/09 17:46:38 ** Disconnecting from smtp.gmail.com:465
19/12/09 17:46:38 ** Disconnected.
19/12/09 17:46:38 ** Disconnected.
19/12/09 17:46:38 ** Username and Password not accepted. Learn more at<EOL> https://support.google.com/mail/?p=BadCredentials ce22sm12416228pjb.17 - gsmtp<EOL>
19/12/09 17:49:19 ** --- MESSAGE BEGIN ---
19/12/09 17:49:19 ** To: kcetstudentportal@gmail.com
19/12/09 17:49:19 ** Subject: Sample mail
19/12/09 17:49:19 ** X-PHP-Originating-Script: 0:sendmail.php
19/12/09 17:49:19 ** From: kcetsymposium@gmail.com
19/12/09 17:49:19 ** 
19/12/09 17:49:19 ** Testing 1 2 3
19/12/09 17:49:19 ** --- MESSAGE END ---
19/12/09 17:49:20 ** Connecting to smtp.gmail.com:465
19/12/09 17:49:22 ** Connected.
19/12/09 17:49:22 << 220 smtp.gmail.com ESMTP z19sm25660471pfn.49 - gsmtp<EOL>
19/12/09 17:49:22 >> EHLO localhost<EOL>
19/12/09 17:49:22 << 250-smtp.gmail.com at your service, [157.50.78.16]<EOL>250-SIZE 35882577<EOL>250-8BITMIME<EOL>250-AUTH LOGIN PLAIN XOAUTH2 PLAIN-CLIENTTOKEN OAUTHBEARER XOAUTH<EOL>250-ENHANCEDSTATUSCODES<EOL>250-PIPELINING<EOL>250 SMTPUTF8<EOL>
19/12/09 17:49:22 ** Authenticating as kcetsymposium@gmail.com
19/12/09 17:49:22 >> AUTH LOGIN<EOL>
19/12/09 17:49:22 << 334 VXNlcm5hbWU6<EOL>
19/12/09 17:49:22 >> a2NldHN5bXBvc2l1bUBnbWFpbC5jb20=<EOL>
19/12/09 17:49:23 << 334 UGFzc3dvcmQ6<EOL>
19/12/09 17:49:23 >> U3ltcG8wNzA=<EOL>
19/12/09 17:49:23 << 535-5.7.8 Username and Password not accepted. Learn more at<EOL>535 5.7.8  https://support.google.com/mail/?p=BadCredentials z19sm25660471pfn.49 - gsmtp<EOL>
19/12/09 17:49:23 ** Disconnecting from smtp.gmail.com:465
19/12/09 17:49:23 ** Disconnected.
19/12/09 17:49:23 ** Disconnected.
19/12/09 17:49:23 ** Username and Password not accepted. Learn more at<EOL> https://support.google.com/mail/?p=BadCredentials z19sm25660471pfn.49 - gsmtp<EOL>
19/12/09 17:57:02 ** --- MESSAGE BEGIN ---
19/12/09 17:57:02 ** To: kcetstudentportal@gmail.com
19/12/09 17:57:02 ** Subject: Sample mail
19/12/09 17:57:02 ** X-PHP-Originating-Script: 0:sendmail.php
19/12/09 17:57:02 ** From: kcetsymposium@gmail.com
19/12/09 17:57:02 ** 
19/12/09 17:57:02 ** Testing 1 2 3
19/12/09 17:57:02 ** --- MESSAGE END ---
19/12/09 17:57:03 ** Connecting to smtp.gmail.com:465
19/12/09 17:57:05 ** Connected.
19/12/09 17:57:05 << 220 smtp.gmail.com ESMTP q7sm27171630pfb.44 - gsmtp<EOL>
19/12/09 17:57:05 >> EHLO localhost<EOL>
19/12/09 17:57:05 << 250-smtp.gmail.com at your service, [157.50.78.16]<EOL>250-SIZE 35882577<EOL>250-8BITMIME<EOL>250-AUTH LOGIN PLAIN XOAUTH2 PLAIN-CLIENTTOKEN OAUTHBEARER XOAUTH<EOL>250-ENHANCEDSTATUSCODES<EOL>250-PIPELINING<EOL>250 SMTPUTF8<EOL>
19/12/09 17:57:05 ** Authenticating as kcetsymposium@gmail.com
19/12/09 17:57:05 >> AUTH LOGIN<EOL>
19/12/09 17:57:06 << 334 VXNlcm5hbWU6<EOL>
19/12/09 17:57:06 >> a2NldHN5bXBvc2l1bUBnbWFpbC5jb20=<EOL>
19/12/09 17:57:06 << 334 UGFzc3dvcmQ6<EOL>
19/12/09 17:57:06 >> U3ltcG8wNzA=<EOL>
19/12/09 17:57:07 << 235 2.7.0 Accepted<EOL>
19/12/09 17:57:07 >> MAIL FROM: <kcetsymposium@gmail.com><EOL>
19/12/09 17:57:07 << 250 2.1.0 OK q7sm27171630pfb.44 - gsmtp<EOL>
19/12/09 17:57:07 >> RCPT TO: <kcetstudentportal@gmail.com><EOL>
19/12/09 17:57:07 << 250 2.1.5 OK q7sm27171630pfb.44 - gsmtp<EOL>
19/12/09 17:57:07 >> DATA<EOL>
19/12/09 17:57:08 << 354  Go ahead q7sm27171630pfb.44 - gsmtp<EOL>
19/12/09 17:57:08 >> Date: Mon, 9 Dec 2019 17:57:08 +0530<EOL>
19/12/09 17:57:08 >> To: kcetstudentportal@gmail.com<EOL>
19/12/09 17:57:08 >> Subject: Sample mail<EOL>
19/12/09 17:57:08 >> X-PHP-Originating-Script: 0:sendmail.php<EOL>
19/12/09 17:57:08 >> From: kcetsymposium@gmail.com<EOL>
19/12/09 17:57:08 >> <EOL>
19/12/09 17:57:08 >> Testing 1 2 3<EOL>
19/12/09 17:57:08 >> .<EOL>
19/12/09 17:57:09 << 250 2.0.0 OK  1575894430 q7sm27171630pfb.44 - gsmtp<EOL>
19/12/09 17:57:09 >> QUIT<EOL>
19/12/09 17:57:10 << 221 2.0.0 closing connection q7sm27171630pfb.44 - gsmtp<EOL>
19/12/09 17:57:10 ** Disconnected.
19/12/09 17:57:10 ** Disconnected.
19/12/09 17:57:10 ** Disconnected.
19/12/09 19:58:50 ** --- MESSAGE BEGIN ---
19/12/09 19:58:50 ** To: facultyinfo18@gmail.com
19/12/09 19:58:50 ** Subject: Airline Reservation
19/12/09 19:58:50 ** X-PHP-Originating-Script: 0:index.php
19/12/09 19:58:50 ** From : kcetsymposium@gmail.com
19/12/09 19:58:50 ** 
19/12/09 19:58:50 ** Verification code : 8762
19/12/09 19:58:50 ** --- MESSAGE END ---
19/12/09 19:58:50 ** Message is missing sender's address
19/12/09 20:00:01 ** --- MESSAGE BEGIN ---
19/12/09 20:00:01 ** To: facultyinfo18@gmail.com
19/12/09 20:00:01 ** Subject: Sample mail
19/12/09 20:00:01 ** X-PHP-Originating-Script: 0:sendmail.php
19/12/09 20:00:01 ** From: kcetsymposium@gmail.com
19/12/09 20:00:01 ** 
19/12/09 20:00:01 ** Testing 1 2 3
19/12/09 20:00:01 ** --- MESSAGE END ---
19/12/09 20:00:03 ** Connecting to smtp.gmail.com:465
19/12/09 20:00:06 ** Connected.
19/12/09 20:00:06 << 220 smtp.gmail.com ESMTP d38sm24679499pgd.59 - gsmtp<EOL>
19/12/09 20:00:06 >> EHLO localhost<EOL>
19/12/09 20:00:06 << 250-smtp.gmail.com at your service, [157.50.98.31]<EOL>250-SIZE 35882577<EOL>250-8BITMIME<EOL>250-AUTH LOGIN PLAIN XOAUTH2 PLAIN-CLIENTTOKEN OAUTHBEARER XOAUTH<EOL>250-ENHANCEDSTATUSCODES<EOL>250-PIPELINING<EOL>250 SMTPUTF8<EOL>
19/12/09 20:00:06 ** Authenticating as kcetsymposium@gmail.com
19/12/09 20:00:06 >> AUTH LOGIN<EOL>
19/12/09 20:00:06 << 334 VXNlcm5hbWU6<EOL>
19/12/09 20:00:06 >> a2NldHN5bXBvc2l1bUBnbWFpbC5jb20=<EOL>
19/12/09 20:00:06 << 334 UGFzc3dvcmQ6<EOL>
19/12/09 20:00:06 >> U3ltcG8wNzA=<EOL>
19/12/09 20:00:07 << 235 2.7.0 Accepted<EOL>
19/12/09 20:00:07 >> MAIL FROM: <kcetsymposium@gmail.com><EOL>
19/12/09 20:00:07 << 250 2.1.0 OK d38sm24679499pgd.59 - gsmtp<EOL>
19/12/09 20:00:07 >> RCPT TO: <facultyinfo18@gmail.com><EOL>
19/12/09 20:00:08 << 250 2.1.5 OK d38sm24679499pgd.59 - gsmtp<EOL>
19/12/09 20:00:08 >> DATA<EOL>
19/12/09 20:00:08 << 354  Go ahead d38sm24679499pgd.59 - gsmtp<EOL>
19/12/09 20:00:08 >> Date: Mon, 9 Dec 2019 20:00:08 +0530<EOL>
19/12/09 20:00:08 >> To: facultyinfo18@gmail.com<EOL>
19/12/09 20:00:08 >> Subject: Sample mail<EOL>
19/12/09 20:00:08 >> X-PHP-Originating-Script: 0:sendmail.php<EOL>
19/12/09 20:00:08 >> From: kcetsymposium@gmail.com<EOL>
19/12/09 20:00:08 >> <EOL>
19/12/09 20:00:08 >> Testing 1 2 3<EOL>
19/12/09 20:00:08 >> .<EOL>
19/12/09 20:00:10 << 250 2.0.0 OK  1575901811 d38sm24679499pgd.59 - gsmtp<EOL>
19/12/09 20:00:10 >> QUIT<EOL>
19/12/09 20:00:11 << 221 2.0.0 closing connection d38sm24679499pgd.59 - gsmtp<EOL>
19/12/09 20:00:11 ** Disconnecting from smtp.gmail.com:465
19/12/09 20:00:11 ** Disconnected.
19/12/09 20:00:11 ** Disconnected.
19/12/09 20:02:53 ** --- MESSAGE BEGIN ---
19/12/09 20:02:53 ** To: facultyinfo18@gmail.com
19/12/09 20:02:53 ** Subject: Airline Reservation
19/12/09 20:02:53 ** X-PHP-Originating-Script: 0:index.php
19/12/09 20:02:53 ** From : kcetsymposium@gmail.com
19/12/09 20:02:53 ** 
19/12/09 20:02:53 ** Verification code : 3154
19/12/09 20:02:53 ** --- MESSAGE END ---
19/12/09 20:02:53 ** Message is missing sender's address
19/12/09 20:16:20 ** --- MESSAGE BEGIN ---
19/12/09 20:16:20 ** To: facultyinfo18@gmail.com
19/12/09 20:16:20 ** Subject: Airline Reservation
19/12/09 20:16:20 ** X-PHP-Originating-Script: 0:index.php
19/12/09 20:16:20 ** From: kcetsymposium@gmail.com
19/12/09 20:16:20 ** 
19/12/09 20:16:20 ** Verification code : 4756
19/12/09 20:16:20 ** --- MESSAGE END ---
19/12/09 20:16:21 ** Connecting to smtp.gmail.com:465
19/12/09 20:16:22 ** Connected.
19/12/09 20:16:22 << 220 smtp.gmail.com ESMTP b2sm28212692pff.6 - gsmtp<EOL>
19/12/09 20:16:22 >> EHLO localhost<EOL>
19/12/09 20:16:23 << 250-smtp.gmail.com at your service, [157.50.98.31]<EOL>250-SIZE 35882577<EOL>250-8BITMIME<EOL>250-AUTH LOGIN PLAIN XOAUTH2 PLAIN-CLIENTTOKEN OAUTHBEARER XOAUTH<EOL>250-ENHANCEDSTATUSCODES<EOL>250-PIPELINING<EOL>250 SMTPUTF8<EOL>
19/12/09 20:16:23 ** Authenticating as kcetsymposium@gmail.com
19/12/09 20:16:23 >> AUTH LOGIN<EOL>
19/12/09 20:16:23 << 334 VXNlcm5hbWU6<EOL>
19/12/09 20:16:23 >> a2NldHN5bXBvc2l1bUBnbWFpbC5jb20=<EOL>
19/12/09 20:16:23 << 334 UGFzc3dvcmQ6<EOL>
19/12/09 20:16:23 >> U3ltcG8wNzA=<EOL>
19/12/09 20:16:24 << 235 2.7.0 Accepted<EOL>
19/12/09 20:16:24 >> MAIL FROM: <kcetsymposium@gmail.com><EOL>
19/12/09 20:16:24 << 250 2.1.0 OK b2sm28212692pff.6 - gsmtp<EOL>
19/12/09 20:16:24 >> RCPT TO: <facultyinfo18@gmail.com><EOL>
19/12/09 20:16:24 << 250 2.1.5 OK b2sm28212692pff.6 - gsmtp<EOL>
19/12/09 20:16:24 >> DATA<EOL>
19/12/09 20:16:25 << 354  Go ahead b2sm28212692pff.6 - gsmtp<EOL>
19/12/09 20:16:25 >> Date: Mon, 9 Dec 2019 20:16:25 +0530<EOL>
19/12/09 20:16:25 >> To: facultyinfo18@gmail.com<EOL>
19/12/09 20:16:25 >> Subject: Airline Reservation<EOL>
19/12/09 20:16:25 >> X-PHP-Originating-Script: 0:index.php<EOL>
19/12/09 20:16:25 >> From: kcetsymposium@gmail.com<EOL>
19/12/09 20:16:25 >> <EOL>
19/12/09 20:16:25 >> Verification code : 4756<EOL>
19/12/09 20:16:25 >> .<EOL>
19/12/09 20:16:27 << 250 2.0.0 OK  1575902787 b2sm28212692pff.6 - gsmtp<EOL>
19/12/09 20:16:27 >> QUIT<EOL>
19/12/09 20:16:27 << 221 2.0.0 closing connection b2sm28212692pff.6 - gsmtp<EOL>
19/12/09 20:16:27 ** Disconnected.
19/12/09 20:16:27 ** Disconnected.
19/12/09 20:16:27 ** Disconnected.
19/12/09 20:20:00 ** --- MESSAGE BEGIN ---
19/12/09 20:20:00 ** To: facultyinfo18@gmail.com
19/12/09 20:20:00 ** Subject: Airline Reservation
19/12/09 20:20:00 ** X-PHP-Originating-Script: 0:index.php
19/12/09 20:20:00 ** From: kcetsymposium@gmail.com
19/12/09 20:20:00 ** 
19/12/09 20:20:00 ** Your Updated Password : 6qf37x
19/12/09 20:20:00 ** --- MESSAGE END ---
19/12/09 20:20:01 ** Connecting to smtp.gmail.com:465
19/12/09 20:20:02 ** Connected.
19/12/09 20:20:02 << 220 smtp.gmail.com ESMTP k66sm24934486pgk.16 - gsmtp<EOL>
19/12/09 20:20:02 >> EHLO localhost<EOL>
19/12/09 20:20:03 << 250-smtp.gmail.com at your service, [157.50.98.31]<EOL>250-SIZE 35882577<EOL>250-8BITMIME<EOL>250-AUTH LOGIN PLAIN XOAUTH2 PLAIN-CLIENTTOKEN OAUTHBEARER XOAUTH<EOL>250-ENHANCEDSTATUSCODES<EOL>250-PIPELINING<EOL>250 SMTPUTF8<EOL>
19/12/09 20:20:03 ** Authenticating as kcetsymposium@gmail.com
19/12/09 20:20:03 >> AUTH LOGIN<EOL>
19/12/09 20:20:03 << 334 VXNlcm5hbWU6<EOL>
19/12/09 20:20:03 >> a2NldHN5bXBvc2l1bUBnbWFpbC5jb20=<EOL>
19/12/09 20:20:03 << 334 UGFzc3dvcmQ6<EOL>
19/12/09 20:20:03 >> U3ltcG8wNzA=<EOL>
19/12/09 20:20:04 << 235 2.7.0 Accepted<EOL>
19/12/09 20:20:04 >> MAIL FROM: <kcetsymposium@gmail.com><EOL>
19/12/09 20:20:04 << 250 2.1.0 OK k66sm24934486pgk.16 - gsmtp<EOL>
19/12/09 20:20:04 >> RCPT TO: <facultyinfo18@gmail.com><EOL>
19/12/09 20:20:05 << 250 2.1.5 OK k66sm24934486pgk.16 - gsmtp<EOL>
19/12/09 20:20:05 >> DATA<EOL>
19/12/09 20:20:05 << 354  Go ahead k66sm24934486pgk.16 - gsmtp<EOL>
19/12/09 20:20:05 >> Date: Mon, 9 Dec 2019 20:20:05 +0530<EOL>
19/12/09 20:20:05 >> To: facultyinfo18@gmail.com<EOL>
19/12/09 20:20:05 >> Subject: Airline Reservation<EOL>
19/12/09 20:20:05 >> X-PHP-Originating-Script: 0:index.php<EOL>
19/12/09 20:20:05 >> From: kcetsymposium@gmail.com<EOL>
19/12/09 20:20:05 >> <EOL>
19/12/09 20:20:05 >> Your Updated Password : 6qf37x<EOL>
19/12/09 20:20:05 >> .<EOL>
19/12/09 20:20:07 << 250 2.0.0 OK  1575903007 k66sm24934486pgk.16 - gsmtp<EOL>
19/12/09 20:20:07 >> QUIT<EOL>
19/12/09 20:20:07 << 221 2.0.0 closing connection k66sm24934486pgk.16 - gsmtp<EOL>
19/12/09 20:20:07 ** Disconnected.
19/12/09 20:20:07 ** Disconnected.
19/12/09 20:20:07 ** Disconnected.
19/12/09 20:22:15 ** --- MESSAGE BEGIN ---
19/12/09 20:22:15 ** To: kcetstudentportal@gmail.com
19/12/09 20:22:15 ** Subject: Airline Reservation
19/12/09 20:22:15 ** X-PHP-Originating-Script: 0:signin.php
19/12/09 20:22:15 ** From: kcetsymposium@gmail.com
19/12/09 20:22:15 ** 
19/12/09 20:22:15 ** Verification code : 8312
19/12/09 20:22:15 ** --- MESSAGE END ---
19/12/09 20:22:16 ** Connecting to smtp.gmail.com:465
19/12/09 20:22:17 ** Connected.
19/12/09 20:22:18 << 220 smtp.gmail.com ESMTP u2sm25269798pgc.19 - gsmtp<EOL>
19/12/09 20:22:18 >> EHLO localhost<EOL>
19/12/09 20:22:18 << 250-smtp.gmail.com at your service, [157.50.98.31]<EOL>250-SIZE 35882577<EOL>250-8BITMIME<EOL>250-AUTH LOGIN PLAIN XOAUTH2 PLAIN-CLIENTTOKEN OAUTHBEARER XOAUTH<EOL>250-ENHANCEDSTATUSCODES<EOL>250-PIPELINING<EOL>250 SMTPUTF8<EOL>
19/12/09 20:22:18 ** Authenticating as kcetsymposium@gmail.com
19/12/09 20:22:18 >> AUTH LOGIN<EOL>
19/12/09 20:22:18 << 334 VXNlcm5hbWU6<EOL>
19/12/09 20:22:18 >> a2NldHN5bXBvc2l1bUBnbWFpbC5jb20=<EOL>
19/12/09 20:22:18 << 334 UGFzc3dvcmQ6<EOL>
19/12/09 20:22:18 >> U3ltcG8wNzA=<EOL>
19/12/09 20:22:19 << 235 2.7.0 Accepted<EOL>
19/12/09 20:22:19 >> MAIL FROM: <kcetsymposium@gmail.com><EOL>
19/12/09 20:22:19 << 250 2.1.0 OK u2sm25269798pgc.19 - gsmtp<EOL>
19/12/09 20:22:19 >> RCPT TO: <kcetstudentportal@gmail.com><EOL>
19/12/09 20:22:19 << 250 2.1.5 OK u2sm25269798pgc.19 - gsmtp<EOL>
19/12/09 20:22:19 >> DATA<EOL>
19/12/09 20:22:20 << 354  Go ahead u2sm25269798pgc.19 - gsmtp<EOL>
19/12/09 20:22:20 >> Date: Mon, 9 Dec 2019 20:22:20 +0530<EOL>
19/12/09 20:22:20 >> To: kcetstudentportal@gmail.com<EOL>
19/12/09 20:22:20 >> Subject: Airline Reservation<EOL>
19/12/09 20:22:20 >> X-PHP-Originating-Script: 0:signin.php<EOL>
19/12/09 20:22:20 >> From: kcetsymposium@gmail.com<EOL>
19/12/09 20:22:20 >> <EOL>
19/12/09 20:22:20 >> Verification code : 8312<EOL>
19/12/09 20:22:20 >> .<EOL>
19/12/09 20:22:21 << 250 2.0.0 OK  1575903142 u2sm25269798pgc.19 - gsmtp<EOL>
19/12/09 20:22:21 >> QUIT<EOL>
19/12/09 20:22:21 << 221 2.0.0 closing connection u2sm25269798pgc.19 - gsmtp<EOL>
19/12/09 20:22:21 ** Disconnecting from smtp.gmail.com:465
19/12/09 20:22:21 ** Disconnected.
19/12/09 20:22:21 ** Disconnected.
19/12/09 20:23:37 ** --- MESSAGE BEGIN ---
19/12/09 20:23:37 ** To: kcetstudentportal@gmail.com
19/12/09 20:23:37 ** Subject: Airline Reservation
19/12/09 20:23:37 ** X-PHP-Originating-Script: 0:book_flight.php
19/12/09 20:23:37 ** From: kcetsymposium@gmail.com
19/12/09 20:23:37 ** 
19/12/09 20:23:37 ** Your Ticket on 2019-12-11 is booked succesfully.
19/12/09 20:23:37 ** From : Krishna
19/12/09 20:23:37 ** To : Aravalli
19/12/09 20:23:37 ** No Of Tickets : 3
19/12/09 20:23:37 ** Total Amount : 4200
19/12/09 20:23:37 ** Thank You
19/12/09 20:23:37 ** --- MESSAGE END ---
19/12/09 20:23:38 ** Connecting to smtp.gmail.com:465
19/12/09 20:23:39 ** Connected.
19/12/09 20:23:39 << 220 smtp.gmail.com ESMTP i68sm28330867pfe.173 - gsmtp<EOL>
19/12/09 20:23:39 >> EHLO localhost<EOL>
19/12/09 20:23:40 << 250-smtp.gmail.com at your service, [157.50.98.31]<EOL>250-SIZE 35882577<EOL>250-8BITMIME<EOL>250-AUTH LOGIN PLAIN XOAUTH2 PLAIN-CLIENTTOKEN OAUTHBEARER XOAUTH<EOL>250-ENHANCEDSTATUSCODES<EOL>250-PIPELINING<EOL>250 SMTPUTF8<EOL>
19/12/09 20:23:40 ** Authenticating as kcetsymposium@gmail.com
19/12/09 20:23:40 >> AUTH LOGIN<EOL>
19/12/09 20:23:40 << 334 VXNlcm5hbWU6<EOL>
19/12/09 20:23:40 >> a2NldHN5bXBvc2l1bUBnbWFpbC5jb20=<EOL>
19/12/09 20:23:40 << 334 UGFzc3dvcmQ6<EOL>
19/12/09 20:23:40 >> U3ltcG8wNzA=<EOL>
19/12/09 20:23:41 << 235 2.7.0 Accepted<EOL>
19/12/09 20:23:41 >> MAIL FROM: <kcetsymposium@gmail.com><EOL>
19/12/09 20:23:41 << 250 2.1.0 OK i68sm28330867pfe.173 - gsmtp<EOL>
19/12/09 20:23:41 >> RCPT TO: <kcetstudentportal@gmail.com><EOL>
19/12/09 20:23:42 << 250 2.1.5 OK i68sm28330867pfe.173 - gsmtp<EOL>
19/12/09 20:23:42 >> DATA<EOL>
19/12/09 20:23:42 << 354  Go ahead i68sm28330867pfe.173 - gsmtp<EOL>
19/12/09 20:23:42 >> Date: Mon, 9 Dec 2019 20:23:42 +0530<EOL>
19/12/09 20:23:42 >> To: kcetstudentportal@gmail.com<EOL>
19/12/09 20:23:42 >> Subject: Airline Reservation<EOL>
19/12/09 20:23:42 >> X-PHP-Originating-Script: 0:book_flight.php<EOL>
19/12/09 20:23:42 >> From: kcetsymposium@gmail.com<EOL>
19/12/09 20:23:42 >> <EOL>
19/12/09 20:23:42 >> Your Ticket on 2019-12-11 is booked succesfully.<EOL>
19/12/09 20:23:42 >> From : Krishna<EOL>
19/12/09 20:23:42 >> To : Aravalli<EOL>
19/12/09 20:23:42 >> No Of Tickets : 3<EOL>
19/12/09 20:23:42 >> Total Amount : 4200<EOL>
19/12/09 20:23:42 >> Thank You<EOL>
19/12/09 20:23:42 >> .<EOL>
19/12/09 20:23:44 << 250 2.0.0 OK  1575903224 i68sm28330867pfe.173 - gsmtp<EOL>
19/12/09 20:23:44 >> QUIT<EOL>
19/12/09 20:23:44 << 221 2.0.0 closing connection i68sm28330867pfe.173 - gsmtp<EOL>
19/12/09 20:23:44 ** Disconnecting from smtp.gmail.com:465
19/12/09 20:23:44 ** Disconnected.
19/12/09 20:23:44 ** Disconnected.
19/12/09 20:24:39 ** --- MESSAGE BEGIN ---
19/12/09 20:24:39 ** To: kcetstudentportal@gmail.com
19/12/09 20:24:39 ** Subject: Airline Reservation
19/12/09 20:24:39 ** X-PHP-Originating-Script: 0:signin.php
19/12/09 20:24:39 ** From: kcetsymposium@gmail.com
19/12/09 20:24:39 ** 
19/12/09 20:24:39 ** Your Updated Password : pso1y8
19/12/09 20:24:39 ** --- MESSAGE END ---
19/12/09 20:24:40 ** Connecting to smtp.gmail.com:465
19/12/09 20:24:41 ** Connected.
19/12/09 20:24:41 << 220 smtp.gmail.com ESMTP g22sm3019437pgk.85 - gsmtp<EOL>
19/12/09 20:24:41 >> EHLO localhost<EOL>
19/12/09 20:24:42 << 250-smtp.gmail.com at your service, [157.50.98.31]<EOL>250-SIZE 35882577<EOL>250-8BITMIME<EOL>250-AUTH LOGIN PLAIN XOAUTH2 PLAIN-CLIENTTOKEN OAUTHBEARER XOAUTH<EOL>250-ENHANCEDSTATUSCODES<EOL>250-PIPELINING<EOL>250 SMTPUTF8<EOL>
19/12/09 20:24:42 ** Authenticating as kcetsymposium@gmail.com
19/12/09 20:24:42 >> AUTH LOGIN<EOL>
19/12/09 20:24:42 << 334 VXNlcm5hbWU6<EOL>
19/12/09 20:24:42 >> a2NldHN5bXBvc2l1bUBnbWFpbC5jb20=<EOL>
19/12/09 20:24:42 << 334 UGFzc3dvcmQ6<EOL>
19/12/09 20:24:42 >> U3ltcG8wNzA=<EOL>
19/12/09 20:24:43 << 235 2.7.0 Accepted<EOL>
19/12/09 20:24:43 >> MAIL FROM: <kcetsymposium@gmail.com><EOL>
19/12/09 20:24:43 << 250 2.1.0 OK g22sm3019437pgk.85 - gsmtp<EOL>
19/12/09 20:24:43 >> RCPT TO: <kcetstudentportal@gmail.com><EOL>
19/12/09 20:24:44 << 250 2.1.5 OK g22sm3019437pgk.85 - gsmtp<EOL>
19/12/09 20:24:44 >> DATA<EOL>
19/12/09 20:24:44 << 354  Go ahead g22sm3019437pgk.85 - gsmtp<EOL>
19/12/09 20:24:44 >> Date: Mon, 9 Dec 2019 20:24:44 +0530<EOL>
19/12/09 20:24:44 >> To: kcetstudentportal@gmail.com<EOL>
19/12/09 20:24:44 >> Subject: Airline Reservation<EOL>
19/12/09 20:24:44 >> X-PHP-Originating-Script: 0:signin.php<EOL>
19/12/09 20:24:44 >> From: kcetsymposium@gmail.com<EOL>
19/12/09 20:24:44 >> <EOL>
19/12/09 20:24:44 >> Your Updated Password : pso1y8<EOL>
19/12/09 20:24:44 >> .<EOL>
19/12/09 20:24:45 << 250 2.0.0 OK  1575903286 g22sm3019437pgk.85 - gsmtp<EOL>
19/12/09 20:24:45 >> QUIT<EOL>
19/12/09 20:24:46 << 221 2.0.0 closing connection g22sm3019437pgk.85 - gsmtp<EOL>
19/12/09 20:24:46 ** Disconnected.
19/12/09 20:24:46 ** Disconnected.
19/12/09 20:24:46 ** Disconnected.
19/12/09 20:27:28 ** --- MESSAGE BEGIN ---
19/12/09 20:27:28 ** To: facultyinfo18@gmail.com
19/12/09 20:27:28 ** Subject: Airline Reservation
19/12/09 20:27:28 ** X-PHP-Originating-Script: 0:index.php
19/12/09 20:27:28 ** From: kcetsymposium@gmail.com
19/12/09 20:27:28 ** 
19/12/09 20:27:28 ** Your Updated Password : eswb0d
19/12/09 20:27:28 ** Kindly Change your password once you logged in using the above password for your remembrance
19/12/09 20:27:28 ** --- MESSAGE END ---
19/12/09 20:27:29 ** Connecting to smtp.gmail.com:465
19/12/09 20:27:30 ** Connected.
19/12/09 20:27:31 << 220 smtp.gmail.com ESMTP o17sm31294pjq.1 - gsmtp<EOL>
19/12/09 20:27:31 >> EHLO localhost<EOL>
19/12/09 20:27:33 << 250-smtp.gmail.com at your service, [157.50.98.31]<EOL>250-SIZE 35882577<EOL>250-8BITMIME<EOL>250-AUTH LOGIN PLAIN XOAUTH2 PLAIN-CLIENTTOKEN OAUTHBEARER XOAUTH<EOL>250-ENHANCEDSTATUSCODES<EOL>250-PIPELINING<EOL>250 SMTPUTF8<EOL>
19/12/09 20:27:33 ** Authenticating as kcetsymposium@gmail.com
19/12/09 20:27:33 >> AUTH LOGIN<EOL>
19/12/09 20:27:33 << 334 VXNlcm5hbWU6<EOL>
19/12/09 20:27:33 >> a2NldHN5bXBvc2l1bUBnbWFpbC5jb20=<EOL>
19/12/09 20:27:33 << 334 UGFzc3dvcmQ6<EOL>
19/12/09 20:27:33 >> U3ltcG8wNzA=<EOL>
19/12/09 20:27:34 << 235 2.7.0 Accepted<EOL>
19/12/09 20:27:34 >> MAIL FROM: <kcetsymposium@gmail.com><EOL>
19/12/09 20:27:34 << 250 2.1.0 OK o17sm31294pjq.1 - gsmtp<EOL>
19/12/09 20:27:34 >> RCPT TO: <facultyinfo18@gmail.com><EOL>
19/12/09 20:27:34 << 250 2.1.5 OK o17sm31294pjq.1 - gsmtp<EOL>
19/12/09 20:27:34 >> DATA<EOL>
19/12/09 20:27:35 << 354  Go ahead o17sm31294pjq.1 - gsmtp<EOL>
19/12/09 20:27:35 >> Date: Mon, 9 Dec 2019 20:27:35 +0530<EOL>
19/12/09 20:27:35 >> To: facultyinfo18@gmail.com<EOL>
19/12/09 20:27:35 >> Subject: Airline Reservation<EOL>
19/12/09 20:27:35 >> X-PHP-Originating-Script: 0:index.php<EOL>
19/12/09 20:27:35 >> From: kcetsymposium@gmail.com<EOL>
19/12/09 20:27:35 >> <EOL>
19/12/09 20:27:35 >> Your Updated Password : eswb0d<EOL>
19/12/09 20:27:35 >> Kindly Change your password once you logged in using the above password for your remembrance<EOL>
19/12/09 20:27:35 >> .<EOL>
19/12/09 20:27:37 << 250 2.0.0 OK  1575903457 o17sm31294pjq.1 - gsmtp<EOL>
19/12/09 20:27:37 >> QUIT<EOL>
19/12/09 20:27:37 << 221 2.0.0 closing connection o17sm31294pjq.1 - gsmtp<EOL>
19/12/09 20:27:37 ** Disconnected.
19/12/09 20:27:37 ** Disconnected.
19/12/09 20:27:37 ** Disconnected.
19/12/10 14:29:32 ** --- MESSAGE BEGIN ---
19/12/10 14:29:32 ** To: kcetstudentportal@gmail.com
19/12/10 14:29:32 ** Subject: Airline Reservation
19/12/10 14:29:32 ** X-PHP-Originating-Script: 0:signin.php
19/12/10 14:29:32 ** From: kcetsymposium@gmail.com
19/12/10 14:29:32 ** 
19/12/10 14:29:32 ** Verification code : 4962
19/12/10 14:29:32 ** --- MESSAGE END ---
19/12/10 14:29:34 ** Connecting to smtp.gmail.com:465
19/12/10 14:29:37 ** Connected.
19/12/10 14:29:37 << 220 smtp.gmail.com ESMTP g10sm2295085pgh.35 - gsmtp<EOL>
19/12/10 14:29:37 >> EHLO localhost<EOL>
19/12/10 14:29:38 << 250-smtp.gmail.com at your service, [157.46.78.99]<EOL>250-SIZE 35882577<EOL>250-8BITMIME<EOL>250-AUTH LOGIN PLAIN XOAUTH2 PLAIN-CLIENTTOKEN OAUTHBEARER XOAUTH<EOL>250-ENHANCEDSTATUSCODES<EOL>250-PIPELINING<EOL>250 SMTPUTF8<EOL>
19/12/10 14:29:38 ** Authenticating as kcetsymposium@gmail.com
19/12/10 14:29:38 >> AUTH LOGIN<EOL>
19/12/10 14:29:38 << 334 VXNlcm5hbWU6<EOL>
19/12/10 14:29:38 >> a2NldHN5bXBvc2l1bUBnbWFpbC5jb20=<EOL>
19/12/10 14:29:38 << 334 UGFzc3dvcmQ6<EOL>
19/12/10 14:29:38 >> U3ltcG8wNzA=<EOL>
19/12/10 14:29:39 << 235 2.7.0 Accepted<EOL>
19/12/10 14:29:39 >> MAIL FROM: <kcetsymposium@gmail.com><EOL>
19/12/10 14:29:39 << 250 2.1.0 OK g10sm2295085pgh.35 - gsmtp<EOL>
19/12/10 14:29:39 >> RCPT TO: <kcetstudentportal@gmail.com><EOL>
19/12/10 14:29:39 << 250 2.1.5 OK g10sm2295085pgh.35 - gsmtp<EOL>
19/12/10 14:29:39 >> DATA<EOL>
19/12/10 14:29:40 << 354  Go ahead g10sm2295085pgh.35 - gsmtp<EOL>
19/12/10 14:29:40 >> Date: Tue, 10 Dec 2019 14:29:40 +0530<EOL>
19/12/10 14:29:40 >> To: kcetstudentportal@gmail.com<EOL>
19/12/10 14:29:40 >> Subject: Airline Reservation<EOL>
19/12/10 14:29:40 >> X-PHP-Originating-Script: 0:signin.php<EOL>
19/12/10 14:29:40 >> From: kcetsymposium@gmail.com<EOL>
19/12/10 14:29:40 >> <EOL>
19/12/10 14:29:40 >> Verification code : 4962<EOL>
19/12/10 14:29:40 >> .<EOL>
19/12/10 14:29:42 << 250 2.0.0 OK  1575968382 g10sm2295085pgh.35 - gsmtp<EOL>
19/12/10 14:29:42 >> QUIT<EOL>
19/12/10 14:29:42 << 221 2.0.0 closing connection g10sm2295085pgh.35 - gsmtp<EOL>
19/12/10 14:29:42 ** Disconnected.
19/12/10 14:29:42 ** Disconnected.
19/12/10 14:29:42 ** Disconnected.
19/12/10 14:29:59 ** --- MESSAGE BEGIN ---
19/12/10 14:29:59 ** To: kcetstudentportal@gmail.com
19/12/10 14:29:59 ** Subject: Airline Reservation
19/12/10 14:29:59 ** X-PHP-Originating-Script: 0:signin.php
19/12/10 14:29:59 ** From: kcetsymposium@gmail.com
19/12/10 14:29:59 ** 
19/12/10 14:29:59 ** Verification code : 2673
19/12/10 14:29:59 ** --- MESSAGE END ---
19/12/10 14:30:00 ** Connecting to smtp.gmail.com:465
19/12/10 14:30:01 ** Connected.
19/12/10 14:30:02 << 220 smtp.gmail.com ESMTP j16sm2367289pfi.165 - gsmtp<EOL>
19/12/10 14:30:02 >> EHLO localhost<EOL>
19/12/10 14:30:02 << 250-smtp.gmail.com at your service, [157.46.78.99]<EOL>250-SIZE 35882577<EOL>250-8BITMIME<EOL>250-AUTH LOGIN PLAIN XOAUTH2 PLAIN-CLIENTTOKEN OAUTHBEARER XOAUTH<EOL>250-ENHANCEDSTATUSCODES<EOL>250-PIPELINING<EOL>250 SMTPUTF8<EOL>
19/12/10 14:30:02 ** Authenticating as kcetsymposium@gmail.com
19/12/10 14:30:02 >> AUTH LOGIN<EOL>
19/12/10 14:30:02 << 334 VXNlcm5hbWU6<EOL>
19/12/10 14:30:02 >> a2NldHN5bXBvc2l1bUBnbWFpbC5jb20=<EOL>
19/12/10 14:30:03 << 334 UGFzc3dvcmQ6<EOL>
19/12/10 14:30:03 >> U3ltcG8wNzA=<EOL>
19/12/10 14:30:03 << 235 2.7.0 Accepted<EOL>
19/12/10 14:30:03 >> MAIL FROM: <kcetsymposium@gmail.com><EOL>
19/12/10 14:30:04 << 250 2.1.0 OK j16sm2367289pfi.165 - gsmtp<EOL>
19/12/10 14:30:04 >> RCPT TO: <kcetstudentportal@gmail.com><EOL>
19/12/10 14:30:04 << 250 2.1.5 OK j16sm2367289pfi.165 - gsmtp<EOL>
19/12/10 14:30:04 >> DATA<EOL>
19/12/10 14:30:05 << 354  Go ahead j16sm2367289pfi.165 - gsmtp<EOL>
19/12/10 14:30:05 >> Date: Tue, 10 Dec 2019 14:30:05 +0530<EOL>
19/12/10 14:30:05 >> To: kcetstudentportal@gmail.com<EOL>
19/12/10 14:30:05 >> Subject: Airline Reservation<EOL>
19/12/10 14:30:05 >> X-PHP-Originating-Script: 0:signin.php<EOL>
19/12/10 14:30:05 >> From: kcetsymposium@gmail.com<EOL>
19/12/10 14:30:05 >> <EOL>
19/12/10 14:30:05 >> Verification code : 2673<EOL>
19/12/10 14:30:05 >> .<EOL>
19/12/10 14:30:06 << 250 2.0.0 OK  1575968406 j16sm2367289pfi.165 - gsmtp<EOL>
19/12/10 14:30:06 >> QUIT<EOL>
19/12/10 14:30:06 << 221 2.0.0 closing connection j16sm2367289pfi.165 - gsmtp<EOL>
19/12/10 14:30:06 ** Disconnecting from smtp.gmail.com:465
19/12/10 14:30:06 ** Disconnected.
19/12/10 14:30:06 ** Disconnected.
19/12/10 14:32:23 ** --- MESSAGE BEGIN ---
19/12/10 14:32:23 ** To: kcetstudentportal@gmail.com
19/12/10 14:32:23 ** Subject: Airline Reservation
19/12/10 14:32:23 ** X-PHP-Originating-Script: 0:signin.php
19/12/10 14:32:23 ** From: kcetsymposium@gmail.com
19/12/10 14:32:23 ** 
19/12/10 14:32:23 ** Verification code : 6489
19/12/10 14:32:23 ** --- MESSAGE END ---
19/12/10 14:32:23 ** Connecting to smtp.gmail.com:465
19/12/10 14:32:25 ** Connected.
19/12/10 14:32:25 << 220 smtp.gmail.com ESMTP g30sm2326226pgm.23 - gsmtp<EOL>
19/12/10 14:32:25 >> EHLO localhost<EOL>
19/12/10 14:32:25 << 250-smtp.gmail.com at your service, [157.46.78.99]<EOL>250-SIZE 35882577<EOL>250-8BITMIME<EOL>250-AUTH LOGIN PLAIN XOAUTH2 PLAIN-CLIENTTOKEN OAUTHBEARER XOAUTH<EOL>250-ENHANCEDSTATUSCODES<EOL>250-PIPELINING<EOL>250 SMTPUTF8<EOL>
19/12/10 14:32:25 ** Authenticating as kcetsymposium@gmail.com
19/12/10 14:32:25 >> AUTH LOGIN<EOL>
19/12/10 14:32:25 << 334 VXNlcm5hbWU6<EOL>
19/12/10 14:32:25 >> a2NldHN5bXBvc2l1bUBnbWFpbC5jb20=<EOL>
19/12/10 14:32:26 << 334 UGFzc3dvcmQ6<EOL>
19/12/10 14:32:26 >> U3ltcG8wNzA=<EOL>
19/12/10 14:32:27 << 235 2.7.0 Accepted<EOL>
19/12/10 14:32:27 >> MAIL FROM: <kcetsymposium@gmail.com><EOL>
19/12/10 14:32:27 << 250 2.1.0 OK g30sm2326226pgm.23 - gsmtp<EOL>
19/12/10 14:32:27 >> RCPT TO: <kcetstudentportal@gmail.com><EOL>
19/12/10 14:32:27 << 250 2.1.5 OK g30sm2326226pgm.23 - gsmtp<EOL>
19/12/10 14:32:27 >> DATA<EOL>
19/12/10 14:32:28 << 354  Go ahead g30sm2326226pgm.23 - gsmtp<EOL>
19/12/10 14:32:28 >> Date: Tue, 10 Dec 2019 14:32:28 +0530<EOL>
19/12/10 14:32:28 >> To: kcetstudentportal@gmail.com<EOL>
19/12/10 14:32:28 >> Subject: Airline Reservation<EOL>
19/12/10 14:32:28 >> X-PHP-Originating-Script: 0:signin.php<EOL>
19/12/10 14:32:28 >> From: kcetsymposium@gmail.com<EOL>
19/12/10 14:32:28 >> <EOL>
19/12/10 14:32:28 >> Verification code : 6489<EOL>
19/12/10 14:32:28 >> .<EOL>
19/12/10 14:32:29 << 250 2.0.0 OK  1575968549 g30sm2326226pgm.23 - gsmtp<EOL>
19/12/10 14:32:29 >> QUIT<EOL>
19/12/10 14:32:29 << 221 2.0.0 closing connection g30sm2326226pgm.23 - gsmtp<EOL>
19/12/10 14:32:29 ** Disconnected.
19/12/10 14:32:29 ** Disconnected.
19/12/10 14:32:29 ** Disconnected.
19/12/10 14:32:44 ** --- MESSAGE BEGIN ---
19/12/10 14:32:44 ** To: kcetstudentportal@gmail.com
19/12/10 14:32:44 ** Subject: Airline Reservation
19/12/10 14:32:44 ** X-PHP-Originating-Script: 0:signin.php
19/12/10 14:32:44 ** From: kcetsymposium@gmail.com
19/12/10 14:32:44 ** 
19/12/10 14:32:44 ** Verification code : 9721
19/12/10 14:32:44 ** --- MESSAGE END ---
19/12/10 14:32:45 ** Connecting to smtp.gmail.com:465
19/12/10 14:32:46 ** Connected.
19/12/10 14:32:46 << 220 smtp.gmail.com ESMTP h68sm2571140pfe.162 - gsmtp<EOL>
19/12/10 14:32:46 >> EHLO localhost<EOL>
19/12/10 14:32:46 << 250-smtp.gmail.com at your service, [157.46.78.99]<EOL>250-SIZE 35882577<EOL>250-8BITMIME<EOL>250-AUTH LOGIN PLAIN XOAUTH2 PLAIN-CLIENTTOKEN OAUTHBEARER XOAUTH<EOL>250-ENHANCEDSTATUSCODES<EOL>250-PIPELINING<EOL>250 SMTPUTF8<EOL>
19/12/10 14:32:46 ** Authenticating as kcetsymposium@gmail.com
19/12/10 14:32:46 >> AUTH LOGIN<EOL>
19/12/10 14:32:47 << 334 VXNlcm5hbWU6<EOL>
19/12/10 14:32:47 >> a2NldHN5bXBvc2l1bUBnbWFpbC5jb20=<EOL>
19/12/10 14:32:47 << 334 UGFzc3dvcmQ6<EOL>
19/12/10 14:32:47 >> U3ltcG8wNzA=<EOL>
19/12/10 14:32:48 << 235 2.7.0 Accepted<EOL>
19/12/10 14:32:48 >> MAIL FROM: <kcetsymposium@gmail.com><EOL>
19/12/10 14:32:48 << 250 2.1.0 OK h68sm2571140pfe.162 - gsmtp<EOL>
19/12/10 14:32:48 >> RCPT TO: <kcetstudentportal@gmail.com><EOL>
19/12/10 14:32:48 << 250 2.1.5 OK h68sm2571140pfe.162 - gsmtp<EOL>
19/12/10 14:32:48 >> DATA<EOL>
19/12/10 14:32:49 << 354  Go ahead h68sm2571140pfe.162 - gsmtp<EOL>
19/12/10 14:32:49 >> Date: Tue, 10 Dec 2019 14:32:49 +0530<EOL>
19/12/10 14:32:49 >> To: kcetstudentportal@gmail.com<EOL>
19/12/10 14:32:49 >> Subject: Airline Reservation<EOL>
19/12/10 14:32:49 >> X-PHP-Originating-Script: 0:signin.php<EOL>
19/12/10 14:32:49 >> From: kcetsymposium@gmail.com<EOL>
19/12/10 14:32:49 >> <EOL>
19/12/10 14:32:49 >> Verification code : 9721<EOL>
19/12/10 14:32:49 >> .<EOL>
19/12/10 14:32:50 << 250 2.0.0 OK  1575968570 h68sm2571140pfe.162 - gsmtp<EOL>
19/12/10 14:32:50 >> QUIT<EOL>
19/12/10 14:32:50 << 221 2.0.0 closing connection h68sm2571140pfe.162 - gsmtp<EOL>
19/12/10 14:32:50 ** Disconnected.
19/12/10 14:32:50 ** Disconnected.
19/12/10 14:32:50 ** Disconnected.
19/12/10 14:32:50 ** --- MESSAGE BEGIN ---
19/12/10 14:32:50 ** To: kcetstudentportal@gmail.com
19/12/10 14:32:50 ** Subject: Airline Reservation
19/12/10 14:32:50 ** X-PHP-Originating-Script: 0:signin.php
19/12/10 14:32:50 ** From: kcetsymposium@gmail.com
19/12/10 14:32:50 ** 
19/12/10 14:32:50 ** Verification code : 1243
19/12/10 14:32:50 ** --- MESSAGE END ---
19/12/10 14:32:51 ** Connecting to smtp.gmail.com:465
19/12/10 14:32:52 ** Connected.
19/12/10 14:32:52 << 220 smtp.gmail.com ESMTP p68sm2463911pfp.149 - gsmtp<EOL>
19/12/10 14:32:52 >> EHLO localhost<EOL>
19/12/10 14:32:53 << 250-smtp.gmail.com at your service, [157.46.78.99]<EOL>250-SIZE 35882577<EOL>250-8BITMIME<EOL>250-AUTH LOGIN PLAIN XOAUTH2 PLAIN-CLIENTTOKEN OAUTHBEARER XOAUTH<EOL>250-ENHANCEDSTATUSCODES<EOL>250-PIPELINING<EOL>250 SMTPUTF8<EOL>
19/12/10 14:32:53 ** Authenticating as kcetsymposium@gmail.com
19/12/10 14:32:53 >> AUTH LOGIN<EOL>
19/12/10 14:32:53 << 334 VXNlcm5hbWU6<EOL>
19/12/10 14:32:53 >> a2NldHN5bXBvc2l1bUBnbWFpbC5jb20=<EOL>
19/12/10 14:32:53 << 334 UGFzc3dvcmQ6<EOL>
19/12/10 14:32:53 >> U3ltcG8wNzA=<EOL>
19/12/10 14:32:54 << 235 2.7.0 Accepted<EOL>
19/12/10 14:32:54 >> MAIL FROM: <kcetsymposium@gmail.com><EOL>
19/12/10 14:32:54 << 250 2.1.0 OK p68sm2463911pfp.149 - gsmtp<EOL>
19/12/10 14:32:54 >> RCPT TO: <kcetstudentportal@gmail.com><EOL>
19/12/10 14:32:54 << 250 2.1.5 OK p68sm2463911pfp.149 - gsmtp<EOL>
19/12/10 14:32:54 >> DATA<EOL>
19/12/10 14:32:55 << 354  Go ahead p68sm2463911pfp.149 - gsmtp<EOL>
19/12/10 14:32:55 >> Date: Tue, 10 Dec 2019 14:32:55 +0530<EOL>
19/12/10 14:32:55 >> To: kcetstudentportal@gmail.com<EOL>
19/12/10 14:32:55 >> Subject: Airline Reservation<EOL>
19/12/10 14:32:55 >> X-PHP-Originating-Script: 0:signin.php<EOL>
19/12/10 14:32:55 >> From: kcetsymposium@gmail.com<EOL>
19/12/10 14:32:55 >> <EOL>
19/12/10 14:32:55 >> Verification code : 1243<EOL>
19/12/10 14:32:55 >> .<EOL>
19/12/10 14:32:56 << 250 2.0.0 OK  1575968576 p68sm2463911pfp.149 - gsmtp<EOL>
19/12/10 14:32:56 >> QUIT<EOL>
19/12/10 14:32:56 << 221 2.0.0 closing connection p68sm2463911pfp.149 - gsmtp<EOL>
19/12/10 14:32:56 ** Disconnected.
19/12/10 14:32:56 ** Disconnected.
19/12/10 14:32:56 ** Disconnected.
19/12/10 14:32:56 ** --- MESSAGE BEGIN ---
19/12/10 14:32:56 ** To: kcetstudentportal@gmail.com
19/12/10 14:32:56 ** Subject: Airline Reservation
19/12/10 14:32:56 ** X-PHP-Originating-Script: 0:signin.php
19/12/10 14:32:56 ** From: kcetsymposium@gmail.com
19/12/10 14:32:56 ** 
19/12/10 14:32:56 ** Verification code : 4578
19/12/10 14:32:56 ** --- MESSAGE END ---
19/12/10 14:32:57 ** Connecting to smtp.gmail.com:465
19/12/10 14:32:58 ** Connected.
19/12/10 14:32:58 << 220 smtp.gmail.com ESMTP r7sm2524734pfg.34 - gsmtp<EOL>
19/12/10 14:32:58 >> EHLO localhost<EOL>
19/12/10 14:32:59 << 250-smtp.gmail.com at your service, [157.46.78.99]<EOL>250-SIZE 35882577<EOL>250-8BITMIME<EOL>250-AUTH LOGIN PLAIN XOAUTH2 PLAIN-CLIENTTOKEN OAUTHBEARER XOAUTH<EOL>250-ENHANCEDSTATUSCODES<EOL>250-PIPELINING<EOL>250 SMTPUTF8<EOL>
19/12/10 14:32:59 ** Authenticating as kcetsymposium@gmail.com
19/12/10 14:32:59 >> AUTH LOGIN<EOL>
19/12/10 14:32:59 << 334 VXNlcm5hbWU6<EOL>
19/12/10 14:32:59 >> a2NldHN5bXBvc2l1bUBnbWFpbC5jb20=<EOL>
19/12/10 14:32:59 << 334 UGFzc3dvcmQ6<EOL>
19/12/10 14:32:59 >> U3ltcG8wNzA=<EOL>
19/12/10 14:33:00 << 235 2.7.0 Accepted<EOL>
19/12/10 14:33:00 >> MAIL FROM: <kcetsymposium@gmail.com><EOL>
19/12/10 14:33:00 << 250 2.1.0 OK r7sm2524734pfg.34 - gsmtp<EOL>
19/12/10 14:33:00 >> RCPT TO: <kcetstudentportal@gmail.com><EOL>
19/12/10 14:33:00 << 250 2.1.5 OK r7sm2524734pfg.34 - gsmtp<EOL>
19/12/10 14:33:00 >> DATA<EOL>
19/12/10 14:33:01 << 354  Go ahead r7sm2524734pfg.34 - gsmtp<EOL>
19/12/10 14:33:01 >> Date: Tue, 10 Dec 2019 14:33:01 +0530<EOL>
19/12/10 14:33:01 >> To: kcetstudentportal@gmail.com<EOL>
19/12/10 14:33:01 >> Subject: Airline Reservation<EOL>
19/12/10 14:33:01 >> X-PHP-Originating-Script: 0:signin.php<EOL>
19/12/10 14:33:01 >> From: kcetsymposium@gmail.com<EOL>
19/12/10 14:33:01 >> <EOL>
19/12/10 14:33:01 >> Verification code : 4578<EOL>
19/12/10 14:33:01 >> .<EOL>
19/12/10 14:33:02 << 250 2.0.0 OK  1575968582 r7sm2524734pfg.34 - gsmtp<EOL>
19/12/10 14:33:02 >> QUIT<EOL>
19/12/10 14:33:02 << 221 2.0.0 closing connection r7sm2524734pfg.34 - gsmtp<EOL>
19/12/10 14:33:02 ** Disconnected.
19/12/10 14:33:02 ** Disconnected.
19/12/10 14:33:02 ** Disconnected.
19/12/10 14:33:02 ** --- MESSAGE BEGIN ---
19/12/10 14:33:02 ** To: kcetstudentportal@gmail.com
19/12/10 14:33:02 ** Subject: Airline Reservation
19/12/10 14:33:02 ** X-PHP-Originating-Script: 0:signin.php
19/12/10 14:33:02 ** From: kcetsymposium@gmail.com
19/12/10 14:33:02 ** 
19/12/10 14:33:02 ** Verification code : 3175
19/12/10 14:33:02 ** --- MESSAGE END ---
19/12/10 14:33:03 ** Connecting to smtp.gmail.com:465
19/12/10 14:33:04 ** Connected.
19/12/10 14:33:04 << 220 smtp.gmail.com ESMTP z30sm2510806pfq.154 - gsmtp<EOL>
19/12/10 14:33:04 >> EHLO localhost<EOL>
19/12/10 14:33:04 << 250-smtp.gmail.com at your service, [157.46.78.99]<EOL>250-SIZE 35882577<EOL>250-8BITMIME<EOL>250-AUTH LOGIN PLAIN XOAUTH2 PLAIN-CLIENTTOKEN OAUTHBEARER XOAUTH<EOL>250-ENHANCEDSTATUSCODES<EOL>250-PIPELINING<EOL>250 SMTPUTF8<EOL>
19/12/10 14:33:04 ** Authenticating as kcetsymposium@gmail.com
19/12/10 14:33:04 >> AUTH LOGIN<EOL>
19/12/10 14:33:05 << 334 VXNlcm5hbWU6<EOL>
19/12/10 14:33:05 >> a2NldHN5bXBvc2l1bUBnbWFpbC5jb20=<EOL>
19/12/10 14:33:05 << 334 UGFzc3dvcmQ6<EOL>
19/12/10 14:33:05 >> U3ltcG8wNzA=<EOL>
19/12/10 14:33:06 << 235 2.7.0 Accepted<EOL>
19/12/10 14:33:06 >> MAIL FROM: <kcetsymposium@gmail.com><EOL>
19/12/10 14:33:06 << 250 2.1.0 OK z30sm2510806pfq.154 - gsmtp<EOL>
19/12/10 14:33:06 >> RCPT TO: <kcetstudentportal@gmail.com><EOL>
19/12/10 14:33:06 << 250 2.1.5 OK z30sm2510806pfq.154 - gsmtp<EOL>
19/12/10 14:33:06 >> DATA<EOL>
19/12/10 14:33:07 << 354  Go ahead z30sm2510806pfq.154 - gsmtp<EOL>
19/12/10 14:33:07 >> Date: Tue, 10 Dec 2019 14:33:07 +0530<EOL>
19/12/10 14:33:07 >> To: kcetstudentportal@gmail.com<EOL>
19/12/10 14:33:07 >> Subject: Airline Reservation<EOL>
19/12/10 14:33:07 >> X-PHP-Originating-Script: 0:signin.php<EOL>
19/12/10 14:33:07 >> From: kcetsymposium@gmail.com<EOL>
19/12/10 14:33:07 >> <EOL>
19/12/10 14:33:07 >> Verification code : 3175<EOL>
19/12/10 14:33:07 >> .<EOL>
19/12/10 14:33:07 << 250 2.0.0 OK  1575968587 z30sm2510806pfq.154 - gsmtp<EOL>
19/12/10 14:33:07 >> QUIT<EOL>
19/12/10 14:33:08 << 221 2.0.0 closing connection z30sm2510806pfq.154 - gsmtp<EOL>
19/12/10 14:33:08 ** Disconnecting from smtp.gmail.com:465
19/12/10 14:33:08 ** Disconnected.
19/12/10 14:33:08 ** Disconnected.
19/12/10 14:37:06 ** --- MESSAGE BEGIN ---
19/12/10 14:37:06 ** To: kcetstudentportal@gmail.com
19/12/10 14:37:06 ** Subject: Airline Reservation
19/12/10 14:37:06 ** X-PHP-Originating-Script: 0:signin.php
19/12/10 14:37:06 ** From: kcetsymposium@gmail.com
19/12/10 14:37:06 ** 
19/12/10 14:37:06 ** Verification code : 1925
19/12/10 14:37:06 ** --- MESSAGE END ---
19/12/10 14:37:07 ** Connecting to smtp.gmail.com:465
19/12/10 14:37:09 ** Connected.
19/12/10 14:37:09 << 220 smtp.gmail.com ESMTP k60sm2147189pjh.22 - gsmtp<EOL>
19/12/10 14:37:09 >> EHLO localhost<EOL>
19/12/10 14:37:09 << 250-smtp.gmail.com at your service, [157.46.78.99]<EOL>250-SIZE 35882577<EOL>250-8BITMIME<EOL>250-AUTH LOGIN PLAIN XOAUTH2 PLAIN-CLIENTTOKEN OAUTHBEARER XOAUTH<EOL>250-ENHANCEDSTATUSCODES<EOL>250-PIPELINING<EOL>250 SMTPUTF8<EOL>
19/12/10 14:37:09 ** Authenticating as kcetsymposium@gmail.com
19/12/10 14:37:09 >> AUTH LOGIN<EOL>
19/12/10 14:37:09 << 334 VXNlcm5hbWU6<EOL>
19/12/10 14:37:09 >> a2NldHN5bXBvc2l1bUBnbWFpbC5jb20=<EOL>
19/12/10 14:37:10 << 334 UGFzc3dvcmQ6<EOL>
19/12/10 14:37:10 >> U3ltcG8wNzA=<EOL>
19/12/10 14:37:10 << 235 2.7.0 Accepted<EOL>
19/12/10 14:37:10 >> MAIL FROM: <kcetsymposium@gmail.com><EOL>
19/12/10 14:37:11 << 250 2.1.0 OK k60sm2147189pjh.22 - gsmtp<EOL>
19/12/10 14:37:11 >> RCPT TO: <kcetstudentportal@gmail.com><EOL>
19/12/10 14:37:11 << 250 2.1.5 OK k60sm2147189pjh.22 - gsmtp<EOL>
19/12/10 14:37:11 >> DATA<EOL>
19/12/10 14:37:12 << 354  Go ahead k60sm2147189pjh.22 - gsmtp<EOL>
19/12/10 14:37:12 >> Date: Tue, 10 Dec 2019 14:37:12 +0530<EOL>
19/12/10 14:37:12 >> To: kcetstudentportal@gmail.com<EOL>
19/12/10 14:37:12 >> Subject: Airline Reservation<EOL>
19/12/10 14:37:12 >> X-PHP-Originating-Script: 0:signin.php<EOL>
19/12/10 14:37:12 >> From: kcetsymposium@gmail.com<EOL>
19/12/10 14:37:12 >> <EOL>
19/12/10 14:37:12 >> Verification code : 1925<EOL>
19/12/10 14:37:12 >> .<EOL>
19/12/10 14:37:13 << 250 2.0.0 OK  1575968833 k60sm2147189pjh.22 - gsmtp<EOL>
19/12/10 14:37:13 >> QUIT<EOL>
19/12/10 14:37:13 << 221 2.0.0 closing connection k60sm2147189pjh.22 - gsmtp<EOL>
19/12/10 14:37:13 ** Disconnecting from smtp.gmail.com:465
19/12/10 14:37:13 ** Disconnected.
19/12/10 14:37:13 ** Disconnected.
19/12/10 14:37:31 ** --- MESSAGE BEGIN ---
19/12/10 14:37:31 ** To: kcetstudentportal@gmail.com
19/12/10 14:37:31 ** Subject: Airline Reservation
19/12/10 14:37:31 ** X-PHP-Originating-Script: 0:signin.php
19/12/10 14:37:31 ** From: kcetsymposium@gmail.com
19/12/10 14:37:31 ** 
19/12/10 14:37:31 ** Verification code : 6817
19/12/10 14:37:31 ** --- MESSAGE END ---
19/12/10 14:37:32 ** Connecting to smtp.gmail.com:465
19/12/10 14:37:33 ** Connected.
19/12/10 14:37:33 << 220 smtp.gmail.com ESMTP b2sm2605934pff.6 - gsmtp<EOL>
19/12/10 14:37:33 >> EHLO localhost<EOL>
19/12/10 14:37:34 << 250-smtp.gmail.com at your service, [157.46.78.99]<EOL>250-SIZE 35882577<EOL>250-8BITMIME<EOL>250-AUTH LOGIN PLAIN XOAUTH2 PLAIN-CLIENTTOKEN OAUTHBEARER XOAUTH<EOL>250-ENHANCEDSTATUSCODES<EOL>250-PIPELINING<EOL>250 SMTPUTF8<EOL>
19/12/10 14:37:34 ** Authenticating as kcetsymposium@gmail.com
19/12/10 14:37:34 >> AUTH LOGIN<EOL>
19/12/10 14:37:34 << 334 VXNlcm5hbWU6<EOL>
19/12/10 14:37:34 >> a2NldHN5bXBvc2l1bUBnbWFpbC5jb20=<EOL>
19/12/10 14:37:34 << 334 UGFzc3dvcmQ6<EOL>
19/12/10 14:37:34 >> U3ltcG8wNzA=<EOL>
19/12/10 14:37:35 << 235 2.7.0 Accepted<EOL>
19/12/10 14:37:35 >> MAIL FROM: <kcetsymposium@gmail.com><EOL>
19/12/10 14:37:35 << 250 2.1.0 OK b2sm2605934pff.6 - gsmtp<EOL>
19/12/10 14:37:35 >> RCPT TO: <kcetstudentportal@gmail.com><EOL>
19/12/10 14:37:36 << 250 2.1.5 OK b2sm2605934pff.6 - gsmtp<EOL>
19/12/10 14:37:36 >> DATA<EOL>
19/12/10 14:37:36 << 354  Go ahead b2sm2605934pff.6 - gsmtp<EOL>
19/12/10 14:37:36 >> Date: Tue, 10 Dec 2019 14:37:36 +0530<EOL>
19/12/10 14:37:36 >> To: kcetstudentportal@gmail.com<EOL>
19/12/10 14:37:36 >> Subject: Airline Reservation<EOL>
19/12/10 14:37:36 >> X-PHP-Originating-Script: 0:signin.php<EOL>
19/12/10 14:37:36 >> From: kcetsymposium@gmail.com<EOL>
19/12/10 14:37:36 >> <EOL>
19/12/10 14:37:36 >> Verification code : 6817<EOL>
19/12/10 14:37:36 >> .<EOL>
19/12/10 14:37:37 << 250 2.0.0 OK  1575968857 b2sm2605934pff.6 - gsmtp<EOL>
19/12/10 14:37:37 >> QUIT<EOL>
19/12/10 14:37:38 << 221 2.0.0 closing connection b2sm2605934pff.6 - gsmtp<EOL>
19/12/10 14:37:38 ** Disconnecting from smtp.gmail.com:465
19/12/10 14:37:38 ** Disconnected.
19/12/10 14:37:38 ** Disconnected.
19/12/10 14:39:16 ** --- MESSAGE BEGIN ---
19/12/10 14:39:16 ** To: kcetstudentportal@gmail.com
19/12/10 14:39:16 ** Subject: Airline Reservation
19/12/10 14:39:16 ** X-PHP-Originating-Script: 0:signin.php
19/12/10 14:39:16 ** From: kcetsymposium@gmail.com
19/12/10 14:39:16 ** 
19/12/10 14:39:16 ** Verification code : 1865
19/12/10 14:39:16 ** --- MESSAGE END ---
19/12/10 14:39:17 ** Connecting to smtp.gmail.com:465
19/12/10 14:39:18 ** Connected.
19/12/10 14:39:18 << 220 smtp.gmail.com ESMTP a22sm2609163pfk.108 - gsmtp<EOL>
19/12/10 14:39:18 >> EHLO localhost<EOL>
19/12/10 14:39:19 << 250-smtp.gmail.com at your service, [157.46.78.99]<EOL>250-SIZE 35882577<EOL>250-8BITMIME<EOL>250-AUTH LOGIN PLAIN XOAUTH2 PLAIN-CLIENTTOKEN OAUTHBEARER XOAUTH<EOL>250-ENHANCEDSTATUSCODES<EOL>250-PIPELINING<EOL>250 SMTPUTF8<EOL>
19/12/10 14:39:19 ** Authenticating as kcetsymposium@gmail.com
19/12/10 14:39:19 >> AUTH LOGIN<EOL>
19/12/10 14:39:19 << 334 VXNlcm5hbWU6<EOL>
19/12/10 14:39:19 >> a2NldHN5bXBvc2l1bUBnbWFpbC5jb20=<EOL>
19/12/10 14:39:19 << 334 UGFzc3dvcmQ6<EOL>
19/12/10 14:39:19 >> U3ltcG8wNzA=<EOL>
19/12/10 14:39:20 << 235 2.7.0 Accepted<EOL>
19/12/10 14:39:20 >> MAIL FROM: <kcetsymposium@gmail.com><EOL>
19/12/10 14:39:20 << 250 2.1.0 OK a22sm2609163pfk.108 - gsmtp<EOL>
19/12/10 14:39:20 >> RCPT TO: <kcetstudentportal@gmail.com><EOL>
19/12/10 14:39:20 << 250 2.1.5 OK a22sm2609163pfk.108 - gsmtp<EOL>
19/12/10 14:39:20 >> DATA<EOL>
19/12/10 14:39:21 << 354  Go ahead a22sm2609163pfk.108 - gsmtp<EOL>
19/12/10 14:39:21 >> Date: Tue, 10 Dec 2019 14:39:21 +0530<EOL>
19/12/10 14:39:21 >> To: kcetstudentportal@gmail.com<EOL>
19/12/10 14:39:21 >> Subject: Airline Reservation<EOL>
19/12/10 14:39:21 >> X-PHP-Originating-Script: 0:signin.php<EOL>
19/12/10 14:39:21 >> From: kcetsymposium@gmail.com<EOL>
19/12/10 14:39:21 >> <EOL>
19/12/10 14:39:21 >> Verification code : 1865<EOL>
19/12/10 14:39:21 >> .<EOL>
19/12/10 14:39:22 << 250 2.0.0 OK  1575968962 a22sm2609163pfk.108 - gsmtp<EOL>
19/12/10 14:39:22 >> QUIT<EOL>
19/12/10 14:39:22 << 221 2.0.0 closing connection a22sm2609163pfk.108 - gsmtp<EOL>
19/12/10 14:39:22 ** Disconnecting from smtp.gmail.com:465
19/12/10 14:39:22 ** Disconnected.
19/12/10 14:39:22 ** Disconnected.
19/12/10 14:44:25 ** --- MESSAGE BEGIN ---
19/12/10 14:44:25 ** To: facultyinfo18@gmail.com
19/12/10 14:44:25 ** Subject: Airline Reservation
19/12/10 14:44:25 ** X-PHP-Originating-Script: 0:index.php
19/12/10 14:44:25 ** From: kcetsymposium@gmail.com
19/12/10 14:44:25 ** 
19/12/10 14:44:25 ** Verification code : 1472
19/12/10 14:44:25 ** --- MESSAGE END ---
19/12/10 14:44:25 ** Connecting to smtp.gmail.com:465
19/12/10 14:44:27 ** Connected.
19/12/10 14:44:27 << 220 smtp.gmail.com ESMTP p4sm2546038pfb.157 - gsmtp<EOL>
19/12/10 14:44:27 >> EHLO localhost<EOL>
19/12/10 14:44:27 << 250-smtp.gmail.com at your service, [157.46.78.99]<EOL>250-SIZE 35882577<EOL>250-8BITMIME<EOL>250-AUTH LOGIN PLAIN XOAUTH2 PLAIN-CLIENTTOKEN OAUTHBEARER XOAUTH<EOL>250-ENHANCEDSTATUSCODES<EOL>250-PIPELINING<EOL>250 SMTPUTF8<EOL>
19/12/10 14:44:27 ** Authenticating as kcetsymposium@gmail.com
19/12/10 14:44:27 >> AUTH LOGIN<EOL>
19/12/10 14:44:27 << 334 VXNlcm5hbWU6<EOL>
19/12/10 14:44:27 >> a2NldHN5bXBvc2l1bUBnbWFpbC5jb20=<EOL>
19/12/10 14:44:28 << 334 UGFzc3dvcmQ6<EOL>
19/12/10 14:44:28 >> U3ltcG8wNzA=<EOL>
19/12/10 14:44:28 << 235 2.7.0 Accepted<EOL>
19/12/10 14:44:28 >> MAIL FROM: <kcetsymposium@gmail.com><EOL>
19/12/10 14:44:28 << 250 2.1.0 OK p4sm2546038pfb.157 - gsmtp<EOL>
19/12/10 14:44:28 >> RCPT TO: <facultyinfo18@gmail.com><EOL>
19/12/10 14:44:29 << 250 2.1.5 OK p4sm2546038pfb.157 - gsmtp<EOL>
19/12/10 14:44:29 >> DATA<EOL>
19/12/10 14:44:29 << 354  Go ahead p4sm2546038pfb.157 - gsmtp<EOL>
19/12/10 14:44:29 >> Date: Tue, 10 Dec 2019 14:44:29 +0530<EOL>
19/12/10 14:44:29 >> To: facultyinfo18@gmail.com<EOL>
19/12/10 14:44:29 >> Subject: Airline Reservation<EOL>
19/12/10 14:44:29 >> X-PHP-Originating-Script: 0:index.php<EOL>
19/12/10 14:44:29 >> From: kcetsymposium@gmail.com<EOL>
19/12/10 14:44:29 >> <EOL>
19/12/10 14:44:29 >> Verification code : 1472<EOL>
19/12/10 14:44:29 >> .<EOL>
19/12/10 14:44:31 << 250 2.0.0 OK  1575969271 p4sm2546038pfb.157 - gsmtp<EOL>
19/12/10 14:44:31 >> QUIT<EOL>
19/12/10 14:44:31 << 221 2.0.0 closing connection p4sm2546038pfb.157 - gsmtp<EOL>
19/12/10 14:44:31 ** Disconnected.
19/12/10 14:44:31 ** Disconnected.
19/12/10 14:44:31 ** Disconnected.
19/12/10 14:45:00 ** --- MESSAGE BEGIN ---
19/12/10 14:45:00 ** To: facultyinfo18@gmail.com
19/12/10 14:45:00 ** Subject: Airline Reservation
19/12/10 14:45:00 ** X-PHP-Originating-Script: 0:index.php
19/12/10 14:45:00 ** From: kcetsymposium@gmail.com
19/12/10 14:45:00 ** 
19/12/10 14:45:00 ** Verification code : 7162
19/12/10 14:45:00 ** --- MESSAGE END ---
19/12/10 14:45:01 ** Connecting to smtp.gmail.com:465
19/12/10 14:45:02 ** Connected.
19/12/10 14:45:03 << 220 smtp.gmail.com ESMTP h5sm2590569pfk.30 - gsmtp<EOL>
19/12/10 14:45:03 >> EHLO localhost<EOL>
19/12/10 14:45:03 << 250-smtp.gmail.com at your service, [157.46.78.99]<EOL>250-SIZE 35882577<EOL>250-8BITMIME<EOL>250-AUTH LOGIN PLAIN XOAUTH2 PLAIN-CLIENTTOKEN OAUTHBEARER XOAUTH<EOL>250-ENHANCEDSTATUSCODES<EOL>250-PIPELINING<EOL>250 SMTPUTF8<EOL>
19/12/10 14:45:03 ** Authenticating as kcetsymposium@gmail.com
19/12/10 14:45:03 >> AUTH LOGIN<EOL>
19/12/10 14:45:03 << 334 VXNlcm5hbWU6<EOL>
19/12/10 14:45:03 >> a2NldHN5bXBvc2l1bUBnbWFpbC5jb20=<EOL>
19/12/10 14:45:03 << 334 UGFzc3dvcmQ6<EOL>
19/12/10 14:45:03 >> U3ltcG8wNzA=<EOL>
19/12/10 14:45:04 << 235 2.7.0 Accepted<EOL>
19/12/10 14:45:04 >> MAIL FROM: <kcetsymposium@gmail.com><EOL>
19/12/10 14:45:04 << 250 2.1.0 OK h5sm2590569pfk.30 - gsmtp<EOL>
19/12/10 14:45:04 >> RCPT TO: <facultyinfo18@gmail.com><EOL>
19/12/10 14:45:04 << 250 2.1.5 OK h5sm2590569pfk.30 - gsmtp<EOL>
19/12/10 14:45:04 >> DATA<EOL>
19/12/10 14:45:05 << 354  Go ahead h5sm2590569pfk.30 - gsmtp<EOL>
19/12/10 14:45:05 >> Date: Tue, 10 Dec 2019 14:45:05 +0530<EOL>
19/12/10 14:45:05 >> To: facultyinfo18@gmail.com<EOL>
19/12/10 14:45:05 >> Subject: Airline Reservation<EOL>
19/12/10 14:45:05 >> X-PHP-Originating-Script: 0:index.php<EOL>
19/12/10 14:45:05 >> From: kcetsymposium@gmail.com<EOL>
19/12/10 14:45:05 >> <EOL>
19/12/10 14:45:05 >> Verification code : 7162<EOL>
19/12/10 14:45:05 >> .<EOL>
19/12/10 14:45:06 << 250 2.0.0 OK  1575969306 h5sm2590569pfk.30 - gsmtp<EOL>
19/12/10 14:45:06 >> QUIT<EOL>
19/12/10 14:45:06 << 221 2.0.0 closing connection h5sm2590569pfk.30 - gsmtp<EOL>
19/12/10 14:45:06 ** Disconnected.
19/12/10 14:45:06 ** Disconnected.
19/12/10 14:45:06 ** Disconnected.
20-01-21 09:19:58 ** --- MESSAGE BEGIN ---
20-01-21 09:19:58 ** To: kcetstudentportal@gmail.com
20-01-21 09:19:58 ** Subject: Airline Reservation
20-01-21 09:19:58 ** From: kcetsymposium@gmail.com
20-01-21 09:19:58 ** 
20-01-21 09:19:58 ** Verification code : 2549
20-01-21 09:19:58 ** --- MESSAGE END ---
20-01-21 09:20:00 ** Connecting to smtp.gmail.com:465
20-01-21 09:20:01 ** Connected.
20-01-21 09:20:02 << 220 smtp.gmail.com ESMTP d129sm42174139pfd.115 - gsmtp<EOL>
20-01-21 09:20:02 >> EHLO localhost<EOL>
20-01-21 09:20:02 << 250-smtp.gmail.com at your service, [157.50.56.192]<EOL>250-SIZE 35882577<EOL>250-8BITMIME<EOL>250-AUTH LOGIN PLAIN XOAUTH2 PLAIN-CLIENTTOKEN OAUTHBEARER XOAUTH<EOL>250-ENHANCEDSTATUSCODES<EOL>250-PIPELINING<EOL>250-CHUNKING<EOL>250 SMTPUTF8<EOL>
20-01-21 09:20:02 ** Authenticating as kcetsymposium@gmail.com
20-01-21 09:20:02 >> AUTH LOGIN<EOL>
20-01-21 09:20:02 << 334 VXNlcm5hbWU6<EOL>
20-01-21 09:20:02 >> a2NldHN5bXBvc2l1bUBnbWFpbC5jb20=<EOL>
20-01-21 09:20:02 << 334 UGFzc3dvcmQ6<EOL>
20-01-21 09:20:02 >> U3ltcG8wNzA=<EOL>
20-01-21 09:20:03 << 235 2.7.0 Accepted<EOL>
20-01-21 09:20:03 >> MAIL FROM: <kcetsymposium@gmail.com><EOL>
20-01-21 09:20:03 << 250 2.1.0 OK d129sm42174139pfd.115 - gsmtp<EOL>
20-01-21 09:20:03 >> RCPT TO: <kcetstudentportal@gmail.com><EOL>
20-01-21 09:20:03 << 250 2.1.5 OK d129sm42174139pfd.115 - gsmtp<EOL>
20-01-21 09:20:03 >> DATA<EOL>
20-01-21 09:20:04 << 354  Go ahead d129sm42174139pfd.115 - gsmtp<EOL>
20-01-21 09:20:04 >> Date: Tue, 21 Jan 2020 09:20:04 +0530<EOL>
20-01-21 09:20:04 >> To: kcetstudentportal@gmail.com<EOL>
20-01-21 09:20:04 >> Subject: Airline Reservation<EOL>
20-01-21 09:20:04 >> From: kcetsymposium@gmail.com<EOL>
20-01-21 09:20:04 >> <EOL>
20-01-21 09:20:04 >> Verification code : 2549<EOL>
20-01-21 09:20:04 >> .<EOL>
20-01-21 09:20:05 << 250 2.0.0 OK  1579578608 d129sm42174139pfd.115 - gsmtp<EOL>
20-01-21 09:20:05 >> QUIT<EOL>
20-01-21 09:20:06 << 221 2.0.0 closing connection d129sm42174139pfd.115 - gsmtp<EOL>
20-01-21 09:20:06 ** Disconnected.
20-01-21 09:20:06 ** Disconnected.
20-01-21 09:20:06 ** Disconnected.
